<?xml version="1.0" encoding="UTF-8"?>
<!-- Generated by org.testng.reporters.JUnitReportReporter -->
<testsuite name="testNGPckage.TestNgAnnotations" tests="3" time="0.002" ignored="0" failures="0" timestamp="19 Jul 2017 00:55:34 GMT" skipped="0" hostname="DESKTOP-0F3LVEP" errors="0">
  <testcase name="atest2" time="0.000" classname="testNGPckage.TestNgAnnotations"/>
  <testcase name="test3" time="0.001" classname="testNGPckage.TestNgAnnotations"/>
  <testcase name="test1" time="0.001" classname="testNGPckage.TestNgAnnotations"/>
</testsuite> <!-- testNGPckage.TestNgAnnotations -->
