<?xml version="1.0" encoding="UTF-8"?>
<!-- Generated by org.testng.reporters.JUnitReportReporter -->
<testsuite skipped="0" hostname="DESKTOP-0F3LVEP" name="testNGPckage.Reporting" tests="1" failures="0" timestamp="17 Jul 2017 01:25:24 GMT" time="10.744" errors="0">
  <testcase name="bookingFlight" time="10.744" classname="testNGPckage.Reporting"/>
</testsuite> <!-- testNGPckage.Reporting -->
