<?xml version="1.0" encoding="UTF-8"?>
<!-- Generated by org.testng.reporters.JUnitReportReporter -->
<testsuite skipped="0" hostname="DESKTOP-0F3LVEP" name="testCases.SearchFlightsNewTours" tests="1" failures="0" timestamp="03 Aug 2017 16:51:08 GMT" time="23.354" errors="0">
  <testcase name="searchingFlights" time="23.354" classname="testCases.SearchFlightsNewTours"/>
</testsuite> <!-- testCases.SearchFlightsNewTours -->
