<?xml version="1.0" encoding="UTF-8"?>
<!-- Generated by org.testng.reporters.JUnitReportReporter -->
<testsuite skipped="0" hostname="DESKTOP-0F3LVEP" name="testNGPckage.Annotations2" tests="4" failures="0" timestamp="17 Jul 2017 00:52:23 GMT" time="0.018" errors="0">
  <testcase name="createStudentProfile" time="0.009" classname="testNGPckage.Annotations2"/>
  <testcase name="editStudentProfile" time="0.002" classname="testNGPckage.Annotations2"/>
  <testcase name="test" time="0.003" classname="testNGPckage.Annotations2"/>
  <testcase name="search" time="0.004" classname="testNGPckage.Annotations2"/>
</testsuite> <!-- testNGPckage.Annotations2 -->
