<?xml version="1.0" encoding="UTF-8"?>
<!-- Generated by org.testng.reporters.JUnitReportReporter -->
<testsuite skipped="0" hostname="DESKTOP-0F3LVEP" name="testNGPckage.TestNgAnnotations" tests="3" failures="0" timestamp="17 Jul 2017 00:52:23 GMT" time="0.003" errors="0">
  <testcase name="atest2" time="0.002" classname="testNGPckage.TestNgAnnotations"/>
  <testcase name="test1" time="0.001" classname="testNGPckage.TestNgAnnotations"/>
  <testcase name="test3" time="0.000" classname="testNGPckage.TestNgAnnotations"/>
</testsuite> <!-- testNGPckage.TestNgAnnotations -->
