<?xml version="1.0" encoding="UTF-8"?>
<!-- Generated by org.testng.reporters.JUnitReportReporter -->
<testsuite skipped="0" hostname="DESKTOP-0F3LVEP" name="testNGPckage.TestDataProvider" tests="3" failures="0" timestamp="17 Jul 2017 00:52:23 GMT" time="0.005" errors="0">
  <testcase name="login" time="0.002" classname="testNGPckage.TestDataProvider"/>
  <testcase name="login" time="0.001" classname="testNGPckage.TestDataProvider"/>
  <testcase name="login" time="0.002" classname="testNGPckage.TestDataProvider"/>
</testsuite> <!-- testNGPckage.TestDataProvider -->
