<?xml version="1.0" encoding="UTF-8"?>
<!-- Generated by org.testng.reporters.JUnitReportReporter -->
<testsuite name="testNGPckage.TestDataProvider" tests="3" time="0.000" ignored="0" failures="0" timestamp="19 Jul 2017 00:55:34 GMT" skipped="0" hostname="DESKTOP-0F3LVEP" errors="0">
  <testcase name="login" time="0.000" classname="testNGPckage.TestDataProvider"/>
  <testcase name="login" time="0.000" classname="testNGPckage.TestDataProvider"/>
  <testcase name="login" time="0.000" classname="testNGPckage.TestDataProvider"/>
</testsuite> <!-- testNGPckage.TestDataProvider -->
