<?xml version="1.0" encoding="UTF-8"?>
<!-- Generated by org.testng.reporters.JUnitReportReporter -->
<testsuite name="testNGPckage.Annotations2" tests="4" time="0.003" ignored="0" failures="0" timestamp="19 Jul 2017 00:55:34 GMT" skipped="0" hostname="DESKTOP-0F3LVEP" errors="0">
  <testcase name="createStudentProfile" time="0.001" classname="testNGPckage.Annotations2"/>
  <testcase name="search" time="0.000" classname="testNGPckage.Annotations2"/>
  <testcase name="test" time="0.001" classname="testNGPckage.Annotations2"/>
  <testcase name="editStudentProfile" time="0.001" classname="testNGPckage.Annotations2"/>
</testsuite> <!-- testNGPckage.Annotations2 -->
